<?xml version="1.0" encoding="UTF-8"?>
<testsuite xmlns:xsi="http://www.w3.org/2001/XMLSchema-instance" xsi:schemaLocation="https://maven.apache.org/surefire/maven-surefire-plugin/xsd/surefire-test-report.xsd" name="TestSuite" time="0.591" tests="4" errors="0" skipped="0" failures="0">
  <properties>
[...]
</properties>
  <testcase name="iosApp" classname="maven.AppiumTest" time="0.007"/>
  <testcase name="nativeAppAndroid" classname="maven.AppiumTest" time="0"/>
  <testcase name="deleteTwitter" classname="maven.RestAPITest" time="0.001"/>
  <testcase name="postJira" classname="maven.RestAPITest" time="0"/>
</testsuite>