<?xml version="1.0" encoding="UTF-8"?>
<testng-results ignored="0" total="4" passed="4" failed="0" skipped="0">
  <reporter-output>
  </reporter-output>
  <suite started-at="2022-05-07T09:42:04 BRT" name="Loan Department" finished-at="2022-05-07T09:42:04 BRT" duration-ms="47">
    <groups>
    </groups>
    <test started-at="2022-05-07T09:42:04 BRT" name="Personal Loan" finished-at="2022-05-07T09:42:04 BRT" duration-ms="47">
      <class name="maven.AppiumTest">
        <test-method signature="iosApp()[pri:0, instance:maven.AppiumTest@6ab7a896]" started-at="2022-05-07T09:42:04 BRT" name="iosApp" finished-at="2022-05-07T09:42:04 BRT" duration-ms="7" status="PASS">
          <reporter-output>
          </reporter-output>
        </test-method> <!-- iosApp -->
        <test-method signature="nativeAppAndroid()[pri:0, instance:maven.AppiumTest@6ab7a896]" started-at="2022-05-07T09:42:04 BRT" name="nativeAppAndroid" finished-at="2022-05-07T09:42:04 BRT" duration-ms="0" status="PASS">
          <reporter-output>
          </reporter-output>
        </test-method> <!-- nativeAppAndroid -->
      </class> <!-- maven.AppiumTest -->
      <class name="maven.RestAPITest">
        <test-method signature="deleteTwitter()[pri:0, instance:maven.RestAPITest@7fc229ab]" started-at="2022-05-07T09:42:04 BRT" name="deleteTwitter" finished-at="2022-05-07T09:42:04 BRT" duration-ms="1" status="PASS">
          <reporter-output>
          </reporter-output>
        </test-method> <!-- deleteTwitter -->
        <test-method signature="postJira()[pri:0, instance:maven.RestAPITest@7fc229ab]" started-at="2022-05-07T09:42:04 BRT" name="postJira" finished-at="2022-05-07T09:42:04 BRT" duration-ms="1" status="PASS">
          <reporter-output>
          </reporter-output>
        </test-method> <!-- postJira -->
      </class> <!-- maven.RestAPITest -->
    </test> <!-- Personal Loan -->
  </suite> <!-- Loan Department -->
</testng-results>
