<?xml version="1.0" encoding="UTF-8"?>
<!-- Generated by org.testng.reporters.JUnitXMLReporter -->
<testsuite ignored="0" hostname="UDI-D5MNN33" failures="0" tests="4" name="Personal Loan" time="0.047" errors="0" timestamp="2022-05-07T09:42:04 BRT">
  <testcase classname="maven.AppiumTest" name="iosApp" time="0.007"/>
  <testcase classname="maven.AppiumTest" name="nativeAppAndroid" time="0.0"/>
  <testcase classname="maven.RestAPITest" name="deleteTwitter" time="0.001"/>
  <testcase classname="maven.RestAPITest" name="postJira" time="0.001"/>
</testsuite> <!-- Personal Loan -->
